[DEBUG] JsonConverter - 17:30:10 - Converting from Input stream to user:class app_context.entities.UsersList
[DEBUG] JiraConnector - 17:30:23 - Connecting to jira host...
[DEBUG] JiraSessionRequest - 17:30:23 - Using username:behave
[DEBUG] JiraSessionRequest - 17:30:23 - Using password:behave
[DEBUG] G4HttpClient - 17:30:23 - Building request to url:https://jira.pegasus.ae/jira/rest/auth/latest/session
[DEBUG] G4HttpClient - 17:30:23 - Without authentication.
[DEBUG] JsonConverter - 17:30:23 - Converting to json string Object jira.model.User@74089e70
[DEBUG] G4HttpClient - 17:30:23 - Sending POST request with payload: Entity{entity={"username":"behave","password":"behave"}, variant=Variant[mediaType=application/json, language=null, encoding=null], annotations=[]}
[DEBUG] JsonConverter - 17:30:24 - Response: {"session":{"name":"JSESSIONID","value":"E7EC25F3FAE29A30BB91CE93B9DA2ACF"},"loginInfo":{"loginCount":18621,"previousLoginTime":"2017-01-31T14:30:22.884+0000"}}
[DEBUG] JsonConverter - 17:30:24 - Converting json string: {"session":{"name":"JSESSIONID","value":"E7EC25F3FAE29A30BB91CE93B9DA2ACF"},"loginInfo":{"loginCount":18621,"previousLoginTime":"2017-01-31T14:30:22.884+0000"}} to user class: class jira.model.SessionInfo
[DEBUG] JiraConnector - 17:30:24 - Jira session created
[DEBUG] ZAPIService - 17:30:24 - Finding test case by it's title Test scenario
[DEBUG] G4HttpClient - 17:30:24 - Building request to url:https://jira.pegasus.ae/jira/rest/api/latest/search?startAt=0&maxResults=1000&fields=key&jql=summary%7E%22Test+scenario%22
[DEBUG] G4HttpClient - 17:30:24 - http basic authentication, username: behave password: behave
[DEBUG] G4HttpClient - 17:30:24 - Sending GET request
[DEBUG] JsonConverter - 17:30:27 - Converting json string: {"startAt":0,"maxResults":1000,"total":0,"issues":[]} to user class: class zapi.model.IssueList
[DEBUG] ZAPIService - 17:30:27 - Found issues: []
[ERROR] ZAPIService - 17:30:27 - Cannot find test case by it's name Test scenario
[DEBUG] JiraConnector - 17:30:27 - Getting issue by it's key:
[DEBUG] G4HttpClient - 17:30:27 - Building request to url:https://jira.pegasus.ae/jira/rest/api/latest/issue/
[DEBUG] G4HttpClient - 17:30:27 - Cookie: JSESSIONID=E7EC25F3FAE29A30BB91CE93B9DA2ACF
[DEBUG] G4HttpClient - 17:30:27 - Sending GET request
[DEBUG] JsonConverter - 17:30:28 - Response: <html><head><title>Apache Tomcat/7.0.55 - Error report</title><style><!--H1 {font-family:Tahoma,Arial,sans-serif;color:white;background-color:#525D76;font-size:22px;} H2 {font-family:Tahoma,Arial,sans-serif;color:white;background-color:#525D76;font-size:16px;} H3 {font-family:Tahoma,Arial,sans-serif;color:white;background-color:#525D76;font-size:14px;} BODY {font-family:Tahoma,Arial,sans-serif;color:black;background-color:white;} B {font-family:Tahoma,Arial,sans-serif;color:white;background-color:#525D76;} P {font-family:Tahoma,Arial,sans-serif;background:white;color:black;font-size:12px;}A {color : black;}A.name {color : black;}HR {color : #525D76;}--></style> </head><body><h1>HTTP Status 405 - Method Not Allowed</h1><HR size="1" noshade="noshade"><p><b>type</b> Status report</p><p><b>message</b> <u>Method Not Allowed</u></p><p><b>description</b> <u>The specified HTTP method is not allowed for the requested resource.</u></p><HR size="1" noshade="noshade"><h3>Apache Tomcat/7.0.55</h3></body></html>
[DEBUG] JsonConverter - 17:30:28 - Converting json string: <html><head><title>Apache Tomcat/7.0.55 - Error report</title><style><!--H1 {font-family:Tahoma,Arial,sans-serif;color:white;background-color:#525D76;font-size:22px;} H2 {font-family:Tahoma,Arial,sans-serif;color:white;background-color:#525D76;font-size:16px;} H3 {font-family:Tahoma,Arial,sans-serif;color:white;background-color:#525D76;font-size:14px;} BODY {font-family:Tahoma,Arial,sans-serif;color:black;background-color:white;} B {font-family:Tahoma,Arial,sans-serif;color:white;background-color:#525D76;} P {font-family:Tahoma,Arial,sans-serif;background:white;color:black;font-size:12px;}A {color : black;}A.name {color : black;}HR {color : #525D76;}--></style> </head><body><h1>HTTP Status 405 - Method Not Allowed</h1><HR size="1" noshade="noshade"><p><b>type</b> Status report</p><p><b>message</b> <u>Method Not Allowed</u></p><p><b>description</b> <u>The specified HTTP method is not allowed for the requested resource.</u></p><HR size="1" noshade="noshade"><h3>Apache Tomcat/7.0.55</h3></body></html> to user class: class jira.model.Issue
[ERROR] JsonConverter - 17:30:28 - Error when converting json string:<html><head><title>Apache Tomcat/7.0.55 - Error report</title><style><!--H1 {font-family:Tahoma,Arial,sans-serif;color:white;background-color:#525D76;font-size:22px;} H2 {font-family:Tahoma,Arial,sans-serif;color:white;background-color:#525D76;font-size:16px;} H3 {font-family:Tahoma,Arial,sans-serif;color:white;background-color:#525D76;font-size:14px;} BODY {font-family:Tahoma,Arial,sans-serif;color:black;background-color:white;} B {font-family:Tahoma,Arial,sans-serif;color:white;background-color:#525D76;} P {font-family:Tahoma,Arial,sans-serif;background:white;color:black;font-size:12px;}A {color : black;}A.name {color : black;}HR {color : #525D76;}--></style> </head><body><h1>HTTP Status 405 - Method Not Allowed</h1><HR size="1" noshade="noshade"><p><b>type</b> Status report</p><p><b>message</b> <u>Method Not Allowed</u></p><p><b>description</b> <u>The specified HTTP method is not allowed for the requested resource.</u></p><HR size="1" noshade="noshade"><h3>Apache Tomcat/7.0.55</h3></body></html> to object:class jira.model.Issue
[WARN ] Statistic - 17:30:28 - Error during jira connection. Unable to check opened bugs on the issue: Test scenario
[WARN ] Statistic - 17:30:28 - Error when converting json string:<html><head><title>Apache Tomcat/7.0.55 - Error report</title><style><!--H1 {font-family:Tahoma,Arial,sans-serif;color:white;background-color:#525D76;font-size:22px;} H2 {font-family:Tahoma,Arial,sans-serif;color:white;background-color:#525D76;font-size:16px;} H3 {font-family:Tahoma,Arial,sans-serif;color:white;background-color:#525D76;font-size:14px;} BODY {font-family:Tahoma,Arial,sans-serif;color:black;background-color:white;} B {font-family:Tahoma,Arial,sans-serif;color:white;background-color:#525D76;} P {font-family:Tahoma,Arial,sans-serif;background:white;color:black;font-size:12px;}A {color : black;}A.name {color : black;}HR {color : #525D76;}--></style> </head><body><h1>HTTP Status 405 - Method Not Allowed</h1><HR size="1" noshade="noshade"><p><b>type</b> Status report</p><p><b>message</b> <u>Method Not Allowed</u></p><p><b>description</b> <u>The specified HTTP method is not allowed for the requested resource.</u></p><HR size="1" noshade="noshade"><h3>Apache Tomcat/7.0.55</h3></body></html> to object:class jira.model.Issue
[WARN ] Statistic - 17:30:28 - [Ljava.lang.StackTraceElement;@7452cef3
[INFO ] ServicesLogs - 17:30:28 - Getting output log
[DEBUG] Zipper - 17:30:28 - Archiving files from directory:/var/folders/8g/djcqwqqx2zx_vkhgtry7rty00000gn/T/1485873028982-0
[DEBUG] Zipper - 17:30:28 - Adding file to zip output stream
[DEBUG] _Log4jLoggerFactory$Log4jLogger - 17:30:29 - Couldn't find template in cache for "ftl/jbehave-report-decorated.ftl"("en_US", UTF-8, parsed); will try to load it.
[DEBUG] _Log4jLoggerFactory$Log4jLogger - 17:30:29 - TemplateLoader.findTemplateSource("ftl/jbehave-report-decorated_en_US.ftl"): Not found
[DEBUG] _Log4jLoggerFactory$Log4jLogger - 17:30:29 - TemplateLoader.findTemplateSource("ftl/jbehave-report-decorated_en.ftl"): Not found
[DEBUG] _Log4jLoggerFactory$Log4jLogger - 17:30:29 - TemplateLoader.findTemplateSource("ftl/jbehave-report-decorated.ftl"): Found
[DEBUG] _Log4jLoggerFactory$Log4jLogger - 17:30:29 - Loading template for "ftl/jbehave-report-decorated.ftl"("en_US", UTF-8, parsed) from "jar:file:/Users/dzmiihna/.m2/repository/org/jbehave/jbehave-core/4.1/jbehave-core-4.1.jar!/ftl/jbehave-report-decorated.ftl"
[DEBUG] _Log4jLoggerFactory$Log4jLogger - 17:30:29 - Couldn't find template in cache for "ftl/sh.ftl"("en_US", UTF-8, parsed); will try to load it.
[DEBUG] _Log4jLoggerFactory$Log4jLogger - 17:30:29 - TemplateLoader.findTemplateSource("ftl/sh_en_US.ftl"): Not found
[DEBUG] _Log4jLoggerFactory$Log4jLogger - 17:30:29 - TemplateLoader.findTemplateSource("ftl/sh_en.ftl"): Not found
[DEBUG] _Log4jLoggerFactory$Log4jLogger - 17:30:29 - TemplateLoader.findTemplateSource("ftl/sh.ftl"): Found
[DEBUG] _Log4jLoggerFactory$Log4jLogger - 17:30:29 - Loading template for "ftl/sh.ftl"("en_US", UTF-8, parsed) from "jar:file:/Users/dzmiihna/.m2/repository/org/jbehave/jbehave-core/4.1/jbehave-core-4.1.jar!/ftl/sh.ftl"
[DEBUG] _Log4jLoggerFactory$Log4jLogger - 17:30:29 - Couldn't find template in cache for "ftl/jbehave-report-decorated.ftl"("en_US", UTF-8, parsed); will try to load it.
[DEBUG] _Log4jLoggerFactory$Log4jLogger - 17:30:29 - TemplateLoader.findTemplateSource("ftl/jbehave-report-decorated_en_US.ftl"): Not found
[DEBUG] _Log4jLoggerFactory$Log4jLogger - 17:30:29 - TemplateLoader.findTemplateSource("ftl/jbehave-report-decorated_en.ftl"): Not found
[DEBUG] _Log4jLoggerFactory$Log4jLogger - 17:30:29 - TemplateLoader.findTemplateSource("ftl/jbehave-report-decorated.ftl"): Found
[DEBUG] _Log4jLoggerFactory$Log4jLogger - 17:30:29 - Loading template for "ftl/jbehave-report-decorated.ftl"("en_US", UTF-8, parsed) from "jar:file:/Users/dzmiihna/.m2/repository/org/jbehave/jbehave-core/4.1/jbehave-core-4.1.jar!/ftl/jbehave-report-decorated.ftl"
[DEBUG] _Log4jLoggerFactory$Log4jLogger - 17:30:29 - Couldn't find template in cache for "ftl/sh.ftl"("en_US", UTF-8, parsed); will try to load it.
[DEBUG] _Log4jLoggerFactory$Log4jLogger - 17:30:29 - TemplateLoader.findTemplateSource("ftl/sh_en_US.ftl"): Not found
[DEBUG] _Log4jLoggerFactory$Log4jLogger - 17:30:29 - TemplateLoader.findTemplateSource("ftl/sh_en.ftl"): Not found
[DEBUG] _Log4jLoggerFactory$Log4jLogger - 17:30:29 - TemplateLoader.findTemplateSource("ftl/sh.ftl"): Found
[DEBUG] _Log4jLoggerFactory$Log4jLogger - 17:30:29 - Loading template for "ftl/sh.ftl"("en_US", UTF-8, parsed) from "jar:file:/Users/dzmiihna/.m2/repository/org/jbehave/jbehave-core/4.1/jbehave-core-4.1.jar!/ftl/sh.ftl"
[DEBUG] _Log4jLoggerFactory$Log4jLogger - 17:30:29 - Couldn't find template in cache for "ftl/jbehave-report-decorated.ftl"("en_US", UTF-8, parsed); will try to load it.
[DEBUG] _Log4jLoggerFactory$Log4jLogger - 17:30:29 - TemplateLoader.findTemplateSource("ftl/jbehave-report-decorated_en_US.ftl"): Not found
[DEBUG] _Log4jLoggerFactory$Log4jLogger - 17:30:29 - TemplateLoader.findTemplateSource("ftl/jbehave-report-decorated_en.ftl"): Not found
[DEBUG] _Log4jLoggerFactory$Log4jLogger - 17:30:29 - TemplateLoader.findTemplateSource("ftl/jbehave-report-decorated.ftl"): Found
[DEBUG] _Log4jLoggerFactory$Log4jLogger - 17:30:29 - Loading template for "ftl/jbehave-report-decorated.ftl"("en_US", UTF-8, parsed) from "jar:file:/Users/dzmiihna/.m2/repository/org/jbehave/jbehave-core/4.1/jbehave-core-4.1.jar!/ftl/jbehave-report-decorated.ftl"
[DEBUG] _Log4jLoggerFactory$Log4jLogger - 17:30:29 - Couldn't find template in cache for "ftl/sh.ftl"("en_US", UTF-8, parsed); will try to load it.
[DEBUG] _Log4jLoggerFactory$Log4jLogger - 17:30:29 - TemplateLoader.findTemplateSource("ftl/sh_en_US.ftl"): Not found
[DEBUG] _Log4jLoggerFactory$Log4jLogger - 17:30:29 - TemplateLoader.findTemplateSource("ftl/sh_en.ftl"): Not found
[DEBUG] _Log4jLoggerFactory$Log4jLogger - 17:30:29 - TemplateLoader.findTemplateSource("ftl/sh.ftl"): Found
[DEBUG] _Log4jLoggerFactory$Log4jLogger - 17:30:29 - Loading template for "ftl/sh.ftl"("en_US", UTF-8, parsed) from "jar:file:/Users/dzmiihna/.m2/repository/org/jbehave/jbehave-core/4.1/jbehave-core-4.1.jar!/ftl/sh.ftl"
[DEBUG] _Log4jLoggerFactory$Log4jLogger - 17:30:29 - Couldn't find template in cache for "ftl/jbehave-report-decorated.ftl"("en_US", UTF-8, parsed); will try to load it.
[DEBUG] _Log4jLoggerFactory$Log4jLogger - 17:30:29 - TemplateLoader.findTemplateSource("ftl/jbehave-report-decorated_en_US.ftl"): Not found
[DEBUG] _Log4jLoggerFactory$Log4jLogger - 17:30:29 - TemplateLoader.findTemplateSource("ftl/jbehave-report-decorated_en.ftl"): Not found
[DEBUG] _Log4jLoggerFactory$Log4jLogger - 17:30:29 - TemplateLoader.findTemplateSource("ftl/jbehave-report-decorated.ftl"): Found
[DEBUG] _Log4jLoggerFactory$Log4jLogger - 17:30:29 - Loading template for "ftl/jbehave-report-decorated.ftl"("en_US", UTF-8, parsed) from "jar:file:/Users/dzmiihna/.m2/repository/org/jbehave/jbehave-core/4.1/jbehave-core-4.1.jar!/ftl/jbehave-report-decorated.ftl"
[DEBUG] _Log4jLoggerFactory$Log4jLogger - 17:30:29 - Couldn't find template in cache for "ftl/sh.ftl"("en_US", UTF-8, parsed); will try to load it.
[DEBUG] _Log4jLoggerFactory$Log4jLogger - 17:30:29 - TemplateLoader.findTemplateSource("ftl/sh_en_US.ftl"): Not found
[DEBUG] _Log4jLoggerFactory$Log4jLogger - 17:30:29 - TemplateLoader.findTemplateSource("ftl/sh_en.ftl"): Not found
[DEBUG] _Log4jLoggerFactory$Log4jLogger - 17:30:29 - TemplateLoader.findTemplateSource("ftl/sh.ftl"): Found
[DEBUG] _Log4jLoggerFactory$Log4jLogger - 17:30:29 - Loading template for "ftl/sh.ftl"("en_US", UTF-8, parsed) from "jar:file:/Users/dzmiihna/.m2/repository/org/jbehave/jbehave-core/4.1/jbehave-core-4.1.jar!/ftl/sh.ftl"
[DEBUG] _Log4jLoggerFactory$Log4jLogger - 17:30:29 - Couldn't find template in cache for "ftl/jbehave-report-decorated.ftl"("en_US", UTF-8, parsed); will try to load it.
[DEBUG] _Log4jLoggerFactory$Log4jLogger - 17:30:29 - TemplateLoader.findTemplateSource("ftl/jbehave-report-decorated_en_US.ftl"): Not found
[DEBUG] _Log4jLoggerFactory$Log4jLogger - 17:30:29 - TemplateLoader.findTemplateSource("ftl/jbehave-report-decorated_en.ftl"): Not found
[DEBUG] _Log4jLoggerFactory$Log4jLogger - 17:30:29 - TemplateLoader.findTemplateSource("ftl/jbehave-report-decorated.ftl"): Found
[DEBUG] _Log4jLoggerFactory$Log4jLogger - 17:30:29 - Loading template for "ftl/jbehave-report-decorated.ftl"("en_US", UTF-8, parsed) from "jar:file:/Users/dzmiihna/.m2/repository/org/jbehave/jbehave-core/4.1/jbehave-core-4.1.jar!/ftl/jbehave-report-decorated.ftl"
[DEBUG] _Log4jLoggerFactory$Log4jLogger - 17:30:29 - Couldn't find template in cache for "ftl/sh.ftl"("en_US", UTF-8, parsed); will try to load it.
[DEBUG] _Log4jLoggerFactory$Log4jLogger - 17:30:29 - TemplateLoader.findTemplateSource("ftl/sh_en_US.ftl"): Not found
[DEBUG] _Log4jLoggerFactory$Log4jLogger - 17:30:29 - TemplateLoader.findTemplateSource("ftl/sh_en.ftl"): Not found
[DEBUG] _Log4jLoggerFactory$Log4jLogger - 17:30:29 - TemplateLoader.findTemplateSource("ftl/sh.ftl"): Found
[DEBUG] _Log4jLoggerFactory$Log4jLogger - 17:30:29 - Loading template for "ftl/sh.ftl"("en_US", UTF-8, parsed) from "jar:file:/Users/dzmiihna/.m2/repository/org/jbehave/jbehave-core/4.1/jbehave-core-4.1.jar!/ftl/sh.ftl"
[DEBUG] _Log4jLoggerFactory$Log4jLogger - 17:30:29 - Couldn't find template in cache for "ftl/jbehave-report-decorated.ftl"("en_US", UTF-8, parsed); will try to load it.
[DEBUG] _Log4jLoggerFactory$Log4jLogger - 17:30:29 - TemplateLoader.findTemplateSource("ftl/jbehave-report-decorated_en_US.ftl"): Not found
[DEBUG] _Log4jLoggerFactory$Log4jLogger - 17:30:29 - TemplateLoader.findTemplateSource("ftl/jbehave-report-decorated_en.ftl"): Not found
[DEBUG] _Log4jLoggerFactory$Log4jLogger - 17:30:29 - TemplateLoader.findTemplateSource("ftl/jbehave-report-decorated.ftl"): Found
[DEBUG] _Log4jLoggerFactory$Log4jLogger - 17:30:29 - Loading template for "ftl/jbehave-report-decorated.ftl"("en_US", UTF-8, parsed) from "jar:file:/Users/dzmiihna/.m2/repository/org/jbehave/jbehave-core/4.1/jbehave-core-4.1.jar!/ftl/jbehave-report-decorated.ftl"
[DEBUG] _Log4jLoggerFactory$Log4jLogger - 17:30:29 - Couldn't find template in cache for "ftl/sh.ftl"("en_US", UTF-8, parsed); will try to load it.
[DEBUG] _Log4jLoggerFactory$Log4jLogger - 17:30:29 - TemplateLoader.findTemplateSource("ftl/sh_en_US.ftl"): Not found
[DEBUG] _Log4jLoggerFactory$Log4jLogger - 17:30:29 - TemplateLoader.findTemplateSource("ftl/sh_en.ftl"): Not found
[DEBUG] _Log4jLoggerFactory$Log4jLogger - 17:30:29 - TemplateLoader.findTemplateSource("ftl/sh.ftl"): Found
[DEBUG] _Log4jLoggerFactory$Log4jLogger - 17:30:29 - Loading template for "ftl/sh.ftl"("en_US", UTF-8, parsed) from "jar:file:/Users/dzmiihna/.m2/repository/org/jbehave/jbehave-core/4.1/jbehave-core-4.1.jar!/ftl/sh.ftl"
[DEBUG] _Log4jLoggerFactory$Log4jLogger - 17:30:29 - Couldn't find template in cache for "ftl/jbehave-report-decorated.ftl"("en_US", UTF-8, parsed); will try to load it.
[DEBUG] _Log4jLoggerFactory$Log4jLogger - 17:30:29 - TemplateLoader.findTemplateSource("ftl/jbehave-report-decorated_en_US.ftl"): Not found
[DEBUG] _Log4jLoggerFactory$Log4jLogger - 17:30:29 - TemplateLoader.findTemplateSource("ftl/jbehave-report-decorated_en.ftl"): Not found
[DEBUG] _Log4jLoggerFactory$Log4jLogger - 17:30:29 - TemplateLoader.findTemplateSource("ftl/jbehave-report-decorated.ftl"): Found
[DEBUG] _Log4jLoggerFactory$Log4jLogger - 17:30:29 - Loading template for "ftl/jbehave-report-decorated.ftl"("en_US", UTF-8, parsed) from "jar:file:/Users/dzmiihna/.m2/repository/org/jbehave/jbehave-core/4.1/jbehave-core-4.1.jar!/ftl/jbehave-report-decorated.ftl"
[DEBUG] _Log4jLoggerFactory$Log4jLogger - 17:30:29 - Couldn't find template in cache for "ftl/sh.ftl"("en_US", UTF-8, parsed); will try to load it.
[DEBUG] _Log4jLoggerFactory$Log4jLogger - 17:30:29 - TemplateLoader.findTemplateSource("ftl/sh_en_US.ftl"): Not found
[DEBUG] _Log4jLoggerFactory$Log4jLogger - 17:30:29 - TemplateLoader.findTemplateSource("ftl/sh_en.ftl"): Not found
[DEBUG] _Log4jLoggerFactory$Log4jLogger - 17:30:29 - TemplateLoader.findTemplateSource("ftl/sh.ftl"): Found
[DEBUG] _Log4jLoggerFactory$Log4jLogger - 17:30:29 - Loading template for "ftl/sh.ftl"("en_US", UTF-8, parsed) from "jar:file:/Users/dzmiihna/.m2/repository/org/jbehave/jbehave-core/4.1/jbehave-core-4.1.jar!/ftl/sh.ftl"
[DEBUG] _Log4jLoggerFactory$Log4jLogger - 17:30:29 - Couldn't find template in cache for "ftl/jbehave-report-decorated.ftl"("en_US", UTF-8, parsed); will try to load it.
[DEBUG] _Log4jLoggerFactory$Log4jLogger - 17:30:29 - TemplateLoader.findTemplateSource("ftl/jbehave-report-decorated_en_US.ftl"): Not found
[DEBUG] _Log4jLoggerFactory$Log4jLogger - 17:30:29 - TemplateLoader.findTemplateSource("ftl/jbehave-report-decorated_en.ftl"): Not found
[DEBUG] _Log4jLoggerFactory$Log4jLogger - 17:30:29 - TemplateLoader.findTemplateSource("ftl/jbehave-report-decorated.ftl"): Found
[DEBUG] _Log4jLoggerFactory$Log4jLogger - 17:30:29 - Loading template for "ftl/jbehave-report-decorated.ftl"("en_US", UTF-8, parsed) from "jar:file:/Users/dzmiihna/.m2/repository/org/jbehave/jbehave-core/4.1/jbehave-core-4.1.jar!/ftl/jbehave-report-decorated.ftl"
[DEBUG] _Log4jLoggerFactory$Log4jLogger - 17:30:29 - Couldn't find template in cache for "ftl/sh.ftl"("en_US", UTF-8, parsed); will try to load it.
[DEBUG] _Log4jLoggerFactory$Log4jLogger - 17:30:29 - TemplateLoader.findTemplateSource("ftl/sh_en_US.ftl"): Not found
[DEBUG] _Log4jLoggerFactory$Log4jLogger - 17:30:29 - TemplateLoader.findTemplateSource("ftl/sh_en.ftl"): Not found
[DEBUG] _Log4jLoggerFactory$Log4jLogger - 17:30:29 - TemplateLoader.findTemplateSource("ftl/sh.ftl"): Found
[DEBUG] _Log4jLoggerFactory$Log4jLogger - 17:30:29 - Loading template for "ftl/sh.ftl"("en_US", UTF-8, parsed) from "jar:file:/Users/dzmiihna/.m2/repository/org/jbehave/jbehave-core/4.1/jbehave-core-4.1.jar!/ftl/sh.ftl"
[DEBUG] _Log4jLoggerFactory$Log4jLogger - 17:30:29 - Couldn't find template in cache for "ftl/jbehave-report-decorated.ftl"("en_US", UTF-8, parsed); will try to load it.
[DEBUG] _Log4jLoggerFactory$Log4jLogger - 17:30:29 - TemplateLoader.findTemplateSource("ftl/jbehave-report-decorated_en_US.ftl"): Not found
[DEBUG] _Log4jLoggerFactory$Log4jLogger - 17:30:29 - TemplateLoader.findTemplateSource("ftl/jbehave-report-decorated_en.ftl"): Not found
[DEBUG] _Log4jLoggerFactory$Log4jLogger - 17:30:29 - TemplateLoader.findTemplateSource("ftl/jbehave-report-decorated.ftl"): Found
[DEBUG] _Log4jLoggerFactory$Log4jLogger - 17:30:29 - Loading template for "ftl/jbehave-report-decorated.ftl"("en_US", UTF-8, parsed) from "jar:file:/Users/dzmiihna/.m2/repository/org/jbehave/jbehave-core/4.1/jbehave-core-4.1.jar!/ftl/jbehave-report-decorated.ftl"
[DEBUG] _Log4jLoggerFactory$Log4jLogger - 17:30:29 - Couldn't find template in cache for "ftl/sh.ftl"("en_US", UTF-8, parsed); will try to load it.
[DEBUG] _Log4jLoggerFactory$Log4jLogger - 17:30:29 - TemplateLoader.findTemplateSource("ftl/sh_en_US.ftl"): Not found
[DEBUG] _Log4jLoggerFactory$Log4jLogger - 17:30:29 - TemplateLoader.findTemplateSource("ftl/sh_en.ftl"): Not found
[DEBUG] _Log4jLoggerFactory$Log4jLogger - 17:30:29 - TemplateLoader.findTemplateSource("ftl/sh.ftl"): Found
[DEBUG] _Log4jLoggerFactory$Log4jLogger - 17:30:29 - Loading template for "ftl/sh.ftl"("en_US", UTF-8, parsed) from "jar:file:/Users/dzmiihna/.m2/repository/org/jbehave/jbehave-core/4.1/jbehave-core-4.1.jar!/ftl/sh.ftl"
[DEBUG] _Log4jLoggerFactory$Log4jLogger - 17:30:29 - Couldn't find template in cache for "ftl/jbehave-reports.ftl"("en_US", UTF-8, parsed); will try to load it.
[DEBUG] _Log4jLoggerFactory$Log4jLogger - 17:30:29 - TemplateLoader.findTemplateSource("ftl/jbehave-reports_en_US.ftl"): Not found
[DEBUG] _Log4jLoggerFactory$Log4jLogger - 17:30:29 - TemplateLoader.findTemplateSource("ftl/jbehave-reports_en.ftl"): Not found
[DEBUG] _Log4jLoggerFactory$Log4jLogger - 17:30:29 - TemplateLoader.findTemplateSource("ftl/jbehave-reports.ftl"): Found
[DEBUG] _Log4jLoggerFactory$Log4jLogger - 17:30:29 - Loading template for "ftl/jbehave-reports.ftl"("en_US", UTF-8, parsed) from "jar:file:/Users/dzmiihna/.m2/repository/org/jbehave/jbehave-core/4.1/jbehave-core-4.1.jar!/ftl/jbehave-reports.ftl"
[DEBUG] _Log4jLoggerFactory$Log4jLogger - 17:30:29 - Couldn't find template in cache for "ftl/jbehave-views.ftl"("en_US", UTF-8, parsed); will try to load it.
[DEBUG] _Log4jLoggerFactory$Log4jLogger - 17:30:29 - TemplateLoader.findTemplateSource("ftl/jbehave-views_en_US.ftl"): Not found
[DEBUG] _Log4jLoggerFactory$Log4jLogger - 17:30:29 - TemplateLoader.findTemplateSource("ftl/jbehave-views_en.ftl"): Not found
[DEBUG] _Log4jLoggerFactory$Log4jLogger - 17:30:29 - TemplateLoader.findTemplateSource("ftl/jbehave-views.ftl"): Found
[DEBUG] _Log4jLoggerFactory$Log4jLogger - 17:30:29 - Loading template for "ftl/jbehave-views.ftl"("en_US", UTF-8, parsed) from "jar:file:/Users/dzmiihna/.m2/repository/org/jbehave/jbehave-core/4.1/jbehave-core-4.1.jar!/ftl/jbehave-views.ftl"
[DEBUG] JiraConnector - 17:30:29 - Connecting to jira host...
[DEBUG] JiraSessionRequest - 17:30:29 - Using username:behave
[DEBUG] JiraSessionRequest - 17:30:29 - Using password:behave
[DEBUG] G4HttpClient - 17:30:29 - Building request to url:https://jira.pegasus.ae/jira/rest/auth/latest/session
[DEBUG] G4HttpClient - 17:30:29 - Without authentication.
[DEBUG] JsonConverter - 17:30:29 - Converting to json string Object jira.model.User@51e51276
[DEBUG] G4HttpClient - 17:30:29 - Sending POST request with payload: Entity{entity={"username":"behave","password":"behave"}, variant=Variant[mediaType=application/json, language=null, encoding=null], annotations=[]}
[DEBUG] JsonConverter - 17:30:30 - Response: {"session":{"name":"JSESSIONID","value":"E3ABD999A48C72ECDB10C7CA2746E0BA"},"loginInfo":{"loginCount":18623,"previousLoginTime":"2017-01-31T14:30:26.150+0000"}}
[DEBUG] JsonConverter - 17:30:30 - Converting json string: {"session":{"name":"JSESSIONID","value":"E3ABD999A48C72ECDB10C7CA2746E0BA"},"loginInfo":{"loginCount":18623,"previousLoginTime":"2017-01-31T14:30:26.150+0000"}} to user class: class jira.model.SessionInfo
[DEBUG] JiraConnector - 17:30:30 - Jira session created
[DEBUG] Statistic - 17:30:30 - Checking if there are failures without bugs during the run
[DEBUG] ReportParser - 17:30:30 - Parse file: 093069a0-c820-4032-b75c-8b3675539eb6-testsuite.xml
[DEBUG] ReportParser - 17:30:30 - file: 093069a0-c820-4032-b75c-8b3675539eb6-testsuite.xml, not contain any tests
[DEBUG] ReportParser - 17:30:30 - Parse file: 3332da21-f147-4e74-92ea-0725375cdb56-testsuite.xml
[DEBUG] ReportParser - 17:30:30 - file: 3332da21-f147-4e74-92ea-0725375cdb56-testsuite.xml, not contain any tests
[DEBUG] ReportParser - 17:30:30 - Parse file: 6559af8d-bab7-447b-b743-07860f696423-testsuite.xml
[DEBUG] ReportParser - 17:30:30 - Scenario: Test scenario
[DEBUG] ReportParser - 17:30:30 - step: Given I logged in as ADMIN, status: passed
[DEBUG] ReportParser - 17:30:30 - step: When I navigate to Search -> Search page, status: failed
[DEBUG] ReportResults - 17:30:30 - Getting 'failed' tests list
[DEBUG] ReportResults - 17:30:30 - Getting 'broken' tests list
[DEBUG] ZAPIService - 17:30:30 - Finding test case by it's title Test scenario
[DEBUG] G4HttpClient - 17:30:30 - Building request to url:https://jira.pegasus.ae/jira/rest/api/latest/search?startAt=0&maxResults=1000&fields=key&jql=summary%7E%22Test+scenario%22
[DEBUG] G4HttpClient - 17:30:30 - http basic authentication, username: behave password: behave
[DEBUG] G4HttpClient - 17:30:30 - Sending GET request
[DEBUG] JsonConverter - 17:30:32 - Converting json string: {"startAt":0,"maxResults":1000,"total":0,"issues":[]} to user class: class zapi.model.IssueList
[DEBUG] ZAPIService - 17:30:32 - Found issues: []
[ERROR] ZAPIService - 17:30:32 - Cannot find test case by it's name Test scenario
[DEBUG] ReportResults - 17:30:32 - Getting 'failed' tests list
[DEBUG] ReportResults - 17:30:32 - Getting 'broken' tests list
[DEBUG] ZAPIService - 17:30:32 - Finding test case by it's title Test scenario
[DEBUG] G4HttpClient - 17:30:32 - Building request to url:https://jira.pegasus.ae/jira/rest/api/latest/search?startAt=0&maxResults=1000&fields=key&jql=summary%7E%22Test+scenario%22
[DEBUG] G4HttpClient - 17:30:32 - http basic authentication, username: behave password: behave
[DEBUG] G4HttpClient - 17:30:32 - Sending GET request
[DEBUG] JsonConverter - 17:30:33 - Converting json string: {"startAt":0,"maxResults":1000,"total":0,"issues":[]} to user class: class zapi.model.IssueList
[DEBUG] ZAPIService - 17:30:33 - Found issues: []
[ERROR] ZAPIService - 17:30:33 - Cannot find test case by it's name Test scenario
[DEBUG] JiraConnector - 17:30:33 - Getting issue by it's key:
[DEBUG] G4HttpClient - 17:30:33 - Building request to url:https://jira.pegasus.ae/jira/rest/api/latest/issue/
[DEBUG] G4HttpClient - 17:30:33 - Cookie: JSESSIONID=E3ABD999A48C72ECDB10C7CA2746E0BA
[DEBUG] G4HttpClient - 17:30:33 - Sending GET request
[DEBUG] JsonConverter - 17:30:34 - Response: <html><head><title>Apache Tomcat/7.0.55 - Error report</title><style><!--H1 {font-family:Tahoma,Arial,sans-serif;color:white;background-color:#525D76;font-size:22px;} H2 {font-family:Tahoma,Arial,sans-serif;color:white;background-color:#525D76;font-size:16px;} H3 {font-family:Tahoma,Arial,sans-serif;color:white;background-color:#525D76;font-size:14px;} BODY {font-family:Tahoma,Arial,sans-serif;color:black;background-color:white;} B {font-family:Tahoma,Arial,sans-serif;color:white;background-color:#525D76;} P {font-family:Tahoma,Arial,sans-serif;background:white;color:black;font-size:12px;}A {color : black;}A.name {color : black;}HR {color : #525D76;}--></style> </head><body><h1>HTTP Status 405 - Method Not Allowed</h1><HR size="1" noshade="noshade"><p><b>type</b> Status report</p><p><b>message</b> <u>Method Not Allowed</u></p><p><b>description</b> <u>The specified HTTP method is not allowed for the requested resource.</u></p><HR size="1" noshade="noshade"><h3>Apache Tomcat/7.0.55</h3></body></html>
[DEBUG] JsonConverter - 17:30:34 - Converting json string: <html><head><title>Apache Tomcat/7.0.55 - Error report</title><style><!--H1 {font-family:Tahoma,Arial,sans-serif;color:white;background-color:#525D76;font-size:22px;} H2 {font-family:Tahoma,Arial,sans-serif;color:white;background-color:#525D76;font-size:16px;} H3 {font-family:Tahoma,Arial,sans-serif;color:white;background-color:#525D76;font-size:14px;} BODY {font-family:Tahoma,Arial,sans-serif;color:black;background-color:white;} B {font-family:Tahoma,Arial,sans-serif;color:white;background-color:#525D76;} P {font-family:Tahoma,Arial,sans-serif;background:white;color:black;font-size:12px;}A {color : black;}A.name {color : black;}HR {color : #525D76;}--></style> </head><body><h1>HTTP Status 405 - Method Not Allowed</h1><HR size="1" noshade="noshade"><p><b>type</b> Status report</p><p><b>message</b> <u>Method Not Allowed</u></p><p><b>description</b> <u>The specified HTTP method is not allowed for the requested resource.</u></p><HR size="1" noshade="noshade"><h3>Apache Tomcat/7.0.55</h3></body></html> to user class: class jira.model.Issue
[ERROR] JsonConverter - 17:30:34 - Error when converting json string:<html><head><title>Apache Tomcat/7.0.55 - Error report</title><style><!--H1 {font-family:Tahoma,Arial,sans-serif;color:white;background-color:#525D76;font-size:22px;} H2 {font-family:Tahoma,Arial,sans-serif;color:white;background-color:#525D76;font-size:16px;} H3 {font-family:Tahoma,Arial,sans-serif;color:white;background-color:#525D76;font-size:14px;} BODY {font-family:Tahoma,Arial,sans-serif;color:black;background-color:white;} B {font-family:Tahoma,Arial,sans-serif;color:white;background-color:#525D76;} P {font-family:Tahoma,Arial,sans-serif;background:white;color:black;font-size:12px;}A {color : black;}A.name {color : black;}HR {color : #525D76;}--></style> </head><body><h1>HTTP Status 405 - Method Not Allowed</h1><HR size="1" noshade="noshade"><p><b>type</b> Status report</p><p><b>message</b> <u>Method Not Allowed</u></p><p><b>description</b> <u>The specified HTTP method is not allowed for the requested resource.</u></p><HR size="1" noshade="noshade"><h3>Apache Tomcat/7.0.55</h3></body></html> to object:class jira.model.Issue
